android/app/build/intermediates/manifest_merge_blame_file/debug/manifest-merger-blame-debug-report.txt
1<?xml version="1.0" encoding="utf-8"?>
2<manifest xmlns:android="http://schemas.android.com/apk/res/android"
3    package="com.macapp"
4    android:versionCode="1"
5    android:versionName="1.0" >
6
7    <uses-sdk
8        android:minSdkVersion="21"
9        android:targetSdkVersion="29" />
10
11    <uses-permission android:name="android.permission.SYSTEM_ALERT_WINDOW" />
11-->src/debug/AndroidManifest.xml:5:5-77
11-->src/debug/AndroidManifest.xml:5:22-75
12    <uses-permission android:name="android.permission.INTERNET" />
12-->src/main/AndroidManifest.xml:4:5-67
12-->src/main/AndroidManifest.xml:4:22-64
13    <uses-permission android:name="android.permission.ACCESS_WIFI_STATE" />
13-->[com.facebook.flipper:flipper:0.75.1] AndroidManifest.xml:16:5-76
13-->[com.facebook.flipper:flipper:0.75.1] AndroidManifest.xml:16:22-73
14    <uses-permission android:name="android.permission.WAKE_LOCK" />
14-->[:react-native-firebase_messaging] AndroidManifest.xml:12:5-68
14-->[:react-native-firebase_messaging] AndroidManifest.xml:12:22-65
15    <uses-permission android:name="android.permission.ACCESS_NETWORK_STATE" /> <!-- Required by older versions of Google Play services to create IID tokens -->
15-->[:react-native-firebase_messaging] AndroidManifest.xml:13:5-79
15-->[:react-native-firebase_messaging] AndroidManifest.xml:13:22-76
16    <uses-permission android:name="com.google.android.c2dm.permission.RECEIVE" />
16-->[com.google.firebase:firebase-messaging:22.0.0] AndroidManifest.xml:25:5-82
16-->[com.google.firebase:firebase-messaging:22.0.0] AndroidManifest.xml:25:22-79
17    <uses-permission android:name="com.google.android.finsky.permission.BIND_GET_INSTALL_REFERRER_SERVICE" />
17-->[com.google.android.gms:play-services-measurement:19.0.0] AndroidManifest.xml:26:5-110
17-->[com.google.android.gms:play-services-measurement:19.0.0] AndroidManifest.xml:26:22-107
18
19    <application
19-->src/main/AndroidManifest.xml:6:5-37:19
20        android:name="com.macapp.MainApplication"
20-->src/main/AndroidManifest.xml:7:7-38
21        android:allowBackup="false"
21-->src/main/AndroidManifest.xml:11:7-34
22        android:appComponentFactory="androidx.core.app.CoreComponentFactory"
22-->[androidx.core:core:1.3.0] AndroidManifest.xml:24:18-86
23        android:debuggable="true"
24        android:icon="@mipmap/ic_launcher"
24-->src/main/AndroidManifest.xml:9:7-41
25        android:label="@string/app_name"
25-->src/main/AndroidManifest.xml:8:7-39
26        android:roundIcon="@mipmap/ic_launcher_round"
26-->src/main/AndroidManifest.xml:10:7-52
27        android:testOnly="true"
28        android:theme="@style/AppTheme"
28-->src/main/AndroidManifest.xml:12:7-38
29        android:usesCleartextTraffic="true" >
29-->src/debug/AndroidManifest.xml:8:9-44
30        <activity android:name="com.facebook.react.devsupport.DevSettingsActivity" />
30-->src/debug/AndroidManifest.xml:11:9-86
30-->src/debug/AndroidManifest.xml:11:19-83
31
32        <meta-data
32-->src/main/AndroidManifest.xml:13:8-15:55
33            android:name="com.facebook.sdk.ApplicationId"
33-->src/main/AndroidManifest.xml:14:13-58
34            android:value="@string/facebook_app_id" />
34-->src/main/AndroidManifest.xml:15:13-52
35
36        <activity
36-->src/main/AndroidManifest.xml:17:7-36:18
37            android:name="com.macapp.MainActivity"
37-->src/main/AndroidManifest.xml:18:9-37
38            android:configChanges="keyboard|keyboardHidden|orientation|screenSize|uiMode"
38-->src/main/AndroidManifest.xml:20:9-86
39            android:label="@string/app_name"
39-->src/main/AndroidManifest.xml:19:9-41
40            android:launchMode="singleTask"
40-->src/main/AndroidManifest.xml:21:9-40
41            android:windowSoftInputMode="adjustResize" >
41-->src/main/AndroidManifest.xml:22:9-51
42            <intent-filter>
42-->src/main/AndroidManifest.xml:23:9-26:25
43                <action android:name="android.intent.action.MAIN" />
43-->src/main/AndroidManifest.xml:24:13-65
43-->src/main/AndroidManifest.xml:24:21-62
44
45                <category android:name="android.intent.category.LAUNCHER" />
45-->src/main/AndroidManifest.xml:25:13-73
45-->src/main/AndroidManifest.xml:25:23-70
46            </intent-filter>
47            <intent-filter>
47-->src/main/AndroidManifest.xml:28:9-35:23
48                <action android:name="android.intent.action.VIEW" />
48-->src/main/AndroidManifest.xml:29:9-61
48-->src/main/AndroidManifest.xml:29:17-58
49
50                <category android:name="android.intent.category.DEFAULT" />
50-->src/main/AndroidManifest.xml:30:9-68
50-->src/main/AndroidManifest.xml:30:19-65
51                <category android:name="android.intent.category.BROWSABLE" />
51-->src/main/AndroidManifest.xml:31:9-70
51-->src/main/AndroidManifest.xml:31:19-67
52
53                <data android:scheme="demo" />
53-->src/main/AndroidManifest.xml:33:9-34:35
53-->src/main/AndroidManifest.xml:34:11-32
54            </intent-filter>
55        </activity>
56
57        <service android:name="io.invertase.firebase.messaging.ReactNativeFirebaseMessagingHeadlessService" />
57-->[:react-native-firebase_messaging] AndroidManifest.xml:16:9-111
57-->[:react-native-firebase_messaging] AndroidManifest.xml:16:18-108
58        <service
58-->[:react-native-firebase_messaging] AndroidManifest.xml:17:9-23:19
59            android:name="io.invertase.firebase.messaging.ReactNativeFirebaseMessagingService"
59-->[:react-native-firebase_messaging] AndroidManifest.xml:18:13-95
60            android:exported="false" >
60-->[:react-native-firebase_messaging] AndroidManifest.xml:19:13-37
61            <intent-filter>
61-->[:react-native-firebase_messaging] AndroidManifest.xml:20:13-22:29
62                <action android:name="com.google.firebase.MESSAGING_EVENT" />
62-->[:react-native-firebase_messaging] AndroidManifest.xml:21:17-78
62-->[:react-native-firebase_messaging] AndroidManifest.xml:21:25-75
63            </intent-filter>
64        </service>
65
66        <receiver
66-->[:react-native-firebase_messaging] AndroidManifest.xml:25:9-32:20
67            android:name="io.invertase.firebase.messaging.ReactNativeFirebaseMessagingReceiver"
67-->[:react-native-firebase_messaging] AndroidManifest.xml:26:13-96
68            android:exported="true"
68-->[:react-native-firebase_messaging] AndroidManifest.xml:27:13-36
69            android:permission="com.google.android.c2dm.permission.SEND" >
69-->[:react-native-firebase_messaging] AndroidManifest.xml:28:13-73
70            <intent-filter>
70-->[:react-native-firebase_messaging] AndroidManifest.xml:29:13-31:29
71                <action android:name="com.google.android.c2dm.intent.RECEIVE" />
71-->[:react-native-firebase_messaging] AndroidManifest.xml:30:17-81
71-->[:react-native-firebase_messaging] AndroidManifest.xml:30:25-78
72            </intent-filter>
73        </receiver>
74
75        <meta-data
75-->[:react-native-firebase_messaging] AndroidManifest.xml:34:9-36:36
76            android:name="firebase_messaging_auto_init_enabled"
76-->[:react-native-firebase_messaging] AndroidManifest.xml:35:13-64
77            android:value="true" />
77-->[:react-native-firebase_messaging] AndroidManifest.xml:36:13-33
78        <meta-data
78-->[:react-native-firebase_messaging] AndroidManifest.xml:37:9-39:32
79            android:name="com.google.firebase.messaging.default_notification_channel_id"
79-->[:react-native-firebase_messaging] AndroidManifest.xml:38:13-89
80            android:value="" />
80-->[:react-native-firebase_messaging] AndroidManifest.xml:39:13-29
81        <meta-data
81-->[:react-native-firebase_messaging] AndroidManifest.xml:40:9-42:47
82            android:name="com.google.firebase.messaging.default_notification_color"
82-->[:react-native-firebase_messaging] AndroidManifest.xml:41:13-84
83            android:resource="@color/white" />
83-->[:react-native-firebase_messaging] AndroidManifest.xml:42:13-44
84
85        <service
85-->[:react-native-firebase] AndroidManifest.xml:16:9-20:19
86            android:name="com.google.firebase.components.ComponentDiscoveryService"
86-->[:react-native-firebase] AndroidManifest.xml:16:18-89
87            android:directBootAware="true"
87-->[com.google.firebase:firebase-common:20.0.0] AndroidManifest.xml:35:13-43
88            android:exported="false" >
88-->[com.google.firebase:firebase-auth:21.0.1] AndroidManifest.xml:76:13-37
89            <meta-data
89-->[:react-native-firebase] AndroidManifest.xml:17:13-19:85
90                android:name="com.google.firebase.components:io.invertase.firebase.ReactNativeFirebaseAppRegistrar"
90-->[:react-native-firebase] AndroidManifest.xml:18:17-116
91                android:value="com.google.firebase.components.ComponentRegistrar" />
91-->[:react-native-firebase] AndroidManifest.xml:19:17-82
92            <meta-data
92-->[com.google.firebase:firebase-auth:21.0.1] AndroidManifest.xml:77:13-79:85
93                android:name="com.google.firebase.components:com.google.firebase.auth.FirebaseAuthRegistrar"
93-->[com.google.firebase:firebase-auth:21.0.1] AndroidManifest.xml:78:17-109
94                android:value="com.google.firebase.components.ComponentRegistrar" />
94-->[com.google.firebase:firebase-auth:21.0.1] AndroidManifest.xml:79:17-82
95            <meta-data
95-->[com.google.firebase:firebase-messaging:22.0.0] AndroidManifest.xml:52:13-54:85
96                android:name="com.google.firebase.components:com.google.firebase.messaging.FirebaseMessagingRegistrar"
96-->[com.google.firebase:firebase-messaging:22.0.0] AndroidManifest.xml:53:17-119
97                android:value="com.google.firebase.components.ComponentRegistrar" />
97-->[com.google.firebase:firebase-messaging:22.0.0] AndroidManifest.xml:54:17-82
98            <meta-data
98-->[com.google.firebase:firebase-datatransport:18.0.0] AndroidManifest.xml:28:13-30:85
99                android:name="com.google.firebase.components:com.google.firebase.datatransport.TransportRegistrar"
99-->[com.google.firebase:firebase-datatransport:18.0.0] AndroidManifest.xml:29:17-115
100                android:value="com.google.firebase.components.ComponentRegistrar" />
100-->[com.google.firebase:firebase-datatransport:18.0.0] AndroidManifest.xml:30:17-82
101            <meta-data
101-->[com.google.android.gms:play-services-measurement-api:19.0.0] AndroidManifest.xml:30:13-32:85
102                android:name="com.google.firebase.components:com.google.firebase.analytics.connector.internal.AnalyticsConnectorRegistrar"
102-->[com.google.android.gms:play-services-measurement-api:19.0.0] AndroidManifest.xml:31:17-139
103                android:value="com.google.firebase.components.ComponentRegistrar" />
103-->[com.google.android.gms:play-services-measurement-api:19.0.0] AndroidManifest.xml:32:17-82
104            <meta-data
104-->[com.google.firebase:firebase-installations:17.0.0] AndroidManifest.xml:18:13-20:85
105                android:name="com.google.firebase.components:com.google.firebase.installations.FirebaseInstallationsRegistrar"
105-->[com.google.firebase:firebase-installations:17.0.0] AndroidManifest.xml:19:17-127
106                android:value="com.google.firebase.components.ComponentRegistrar" />
106-->[com.google.firebase:firebase-installations:17.0.0] AndroidManifest.xml:20:17-82
107        </service>
108
109        <activity
109-->[com.google.firebase:firebase-auth:21.0.1] AndroidManifest.xml:27:9-44:20
110            android:name="com.google.firebase.auth.internal.GenericIdpActivity"
110-->[com.google.firebase:firebase-auth:21.0.1] AndroidManifest.xml:28:13-80
111            android:excludeFromRecents="true"
111-->[com.google.firebase:firebase-auth:21.0.1] AndroidManifest.xml:29:13-46
112            android:exported="true"
112-->[com.google.firebase:firebase-auth:21.0.1] AndroidManifest.xml:30:13-36
113            android:launchMode="singleTask"
113-->[com.google.firebase:firebase-auth:21.0.1] AndroidManifest.xml:31:13-44
114            android:theme="@android:style/Theme.Translucent.NoTitleBar" >
114-->[com.google.firebase:firebase-auth:21.0.1] AndroidManifest.xml:32:13-72
115            <intent-filter>
115-->[com.google.firebase:firebase-auth:21.0.1] AndroidManifest.xml:33:13-43:29
116                <action android:name="android.intent.action.VIEW" />
116-->src/main/AndroidManifest.xml:29:9-61
116-->src/main/AndroidManifest.xml:29:17-58
117
118                <category android:name="android.intent.category.DEFAULT" />
118-->src/main/AndroidManifest.xml:30:9-68
118-->src/main/AndroidManifest.xml:30:19-65
119                <category android:name="android.intent.category.BROWSABLE" />
119-->src/main/AndroidManifest.xml:31:9-70
119-->src/main/AndroidManifest.xml:31:19-67
120
121                <data
121-->src/main/AndroidManifest.xml:33:9-34:35
122                    android:host="firebase.auth"
123                    android:path="/"
124                    android:scheme="genericidp" />
124-->src/main/AndroidManifest.xml:34:11-32
125            </intent-filter>
126        </activity>
127        <activity
127-->[com.google.firebase:firebase-auth:21.0.1] AndroidManifest.xml:45:9-62:20
128            android:name="com.google.firebase.auth.internal.RecaptchaActivity"
128-->[com.google.firebase:firebase-auth:21.0.1] AndroidManifest.xml:46:13-79
129            android:excludeFromRecents="true"
129-->[com.google.firebase:firebase-auth:21.0.1] AndroidManifest.xml:47:13-46
130            android:exported="true"
130-->[com.google.firebase:firebase-auth:21.0.1] AndroidManifest.xml:48:13-36
131            android:launchMode="singleTask"
131-->[com.google.firebase:firebase-auth:21.0.1] AndroidManifest.xml:49:13-44
132            android:theme="@android:style/Theme.Translucent.NoTitleBar" >
132-->[com.google.firebase:firebase-auth:21.0.1] AndroidManifest.xml:50:13-72
133            <intent-filter>
133-->[com.google.firebase:firebase-auth:21.0.1] AndroidManifest.xml:51:13-61:29
134                <action android:name="android.intent.action.VIEW" />
134-->src/main/AndroidManifest.xml:29:9-61
134-->src/main/AndroidManifest.xml:29:17-58
135
136                <category android:name="android.intent.category.DEFAULT" />
136-->src/main/AndroidManifest.xml:30:9-68
136-->src/main/AndroidManifest.xml:30:19-65
137                <category android:name="android.intent.category.BROWSABLE" />
137-->src/main/AndroidManifest.xml:31:9-70
137-->src/main/AndroidManifest.xml:31:19-67
138
139                <data
139-->src/main/AndroidManifest.xml:33:9-34:35
140                    android:host="firebase.auth"
141                    android:path="/"
142                    android:scheme="recaptcha" />
142-->src/main/AndroidManifest.xml:34:11-32
143            </intent-filter>
144        </activity>
145
146        <service
146-->[com.google.firebase:firebase-auth:21.0.1] AndroidManifest.xml:64:9-73:19
147            android:name="com.google.firebase.auth.api.fallback.service.FirebaseAuthFallbackService"
147-->[com.google.firebase:firebase-auth:21.0.1] AndroidManifest.xml:65:13-101
148            android:enabled="true"
148-->[com.google.firebase:firebase-auth:21.0.1] AndroidManifest.xml:66:13-35
149            android:exported="false" >
149-->[com.google.firebase:firebase-auth:21.0.1] AndroidManifest.xml:67:13-37
150            <intent-filter>
150-->[com.google.firebase:firebase-auth:21.0.1] AndroidManifest.xml:68:13-72:29
151                <action android:name="com.google.firebase.auth.api.gms.service.START" />
151-->[com.google.firebase:firebase-auth:21.0.1] AndroidManifest.xml:69:17-89
151-->[com.google.firebase:firebase-auth:21.0.1] AndroidManifest.xml:69:25-86
152
153                <category android:name="android.intent.category.DEFAULT" />
153-->src/main/AndroidManifest.xml:30:9-68
153-->src/main/AndroidManifest.xml:30:19-65
154            </intent-filter>
155        </service>
156
157        <activity
157-->[com.google.android.gms:play-services-auth:19.2.0] AndroidManifest.xml:23:9-27:75
158            android:name="com.google.android.gms.auth.api.signin.internal.SignInHubActivity"
158-->[com.google.android.gms:play-services-auth:19.2.0] AndroidManifest.xml:24:13-93
159            android:excludeFromRecents="true"
159-->[com.google.android.gms:play-services-auth:19.2.0] AndroidManifest.xml:25:13-46
160            android:exported="false"
160-->[com.google.android.gms:play-services-auth:19.2.0] AndroidManifest.xml:26:13-37
161            android:theme="@android:style/Theme.Translucent.NoTitleBar" />
161-->[com.google.android.gms:play-services-auth:19.2.0] AndroidManifest.xml:27:13-72
162        <!--
163            Service handling Google Sign-In user revocation. For apps that do not integrate with
164            Google Sign-In, this service will never be started.
165        -->
166        <service
166-->[com.google.android.gms:play-services-auth:19.2.0] AndroidManifest.xml:33:9-37:51
167            android:name="com.google.android.gms.auth.api.signin.RevocationBoundService"
167-->[com.google.android.gms:play-services-auth:19.2.0] AndroidManifest.xml:34:13-89
168            android:exported="true"
168-->[com.google.android.gms:play-services-auth:19.2.0] AndroidManifest.xml:35:13-36
169            android:permission="com.google.android.gms.auth.api.signin.permission.REVOCATION_NOTIFICATION"
169-->[com.google.android.gms:play-services-auth:19.2.0] AndroidManifest.xml:36:13-107
170            android:visibleToInstantApps="true" />
170-->[com.google.android.gms:play-services-auth:19.2.0] AndroidManifest.xml:37:13-48
171
172        <activity
172-->[com.google.android.gms:play-services-base:17.5.0] AndroidManifest.xml:23:9-26:75
173            android:name="com.google.android.gms.common.api.GoogleApiActivity"
173-->[com.google.android.gms:play-services-base:17.5.0] AndroidManifest.xml:24:13-79
174            android:exported="false"
174-->[com.google.android.gms:play-services-base:17.5.0] AndroidManifest.xml:25:13-37
175            android:theme="@android:style/Theme.Translucent.NoTitleBar" />
175-->[com.google.android.gms:play-services-base:17.5.0] AndroidManifest.xml:26:13-72
176
177        <receiver
177-->[com.google.firebase:firebase-messaging:22.0.0] AndroidManifest.xml:28:9-35:20
178            android:name="com.google.firebase.iid.FirebaseInstanceIdReceiver"
178-->[com.google.firebase:firebase-messaging:22.0.0] AndroidManifest.xml:29:13-78
179            android:exported="true"
179-->[com.google.firebase:firebase-messaging:22.0.0] AndroidManifest.xml:30:13-36
180            android:permission="com.google.android.c2dm.permission.SEND" >
180-->[com.google.firebase:firebase-messaging:22.0.0] AndroidManifest.xml:31:13-73
181            <intent-filter>
181-->[:react-native-firebase_messaging] AndroidManifest.xml:29:13-31:29
182                <action android:name="com.google.android.c2dm.intent.RECEIVE" />
182-->[:react-native-firebase_messaging] AndroidManifest.xml:30:17-81
182-->[:react-native-firebase_messaging] AndroidManifest.xml:30:25-78
183            </intent-filter>
184        </receiver>
185        <!--
186             FirebaseMessagingService performs security checks at runtime,
187             but set to not exported to explicitly avoid allowing another app to call it.
188        -->
189        <service
189-->[com.google.firebase:firebase-messaging:22.0.0] AndroidManifest.xml:41:9-48:19
190            android:name="com.google.firebase.messaging.FirebaseMessagingService"
190-->[com.google.firebase:firebase-messaging:22.0.0] AndroidManifest.xml:42:13-82
191            android:directBootAware="true"
191-->[com.google.firebase:firebase-messaging:22.0.0] AndroidManifest.xml:43:13-43
192            android:exported="false" >
192-->[com.google.firebase:firebase-messaging:22.0.0] AndroidManifest.xml:44:13-37
193            <intent-filter android:priority="-500" >
193-->[:react-native-firebase_messaging] AndroidManifest.xml:20:13-22:29
194                <action android:name="com.google.firebase.MESSAGING_EVENT" />
194-->[:react-native-firebase_messaging] AndroidManifest.xml:21:17-78
194-->[:react-native-firebase_messaging] AndroidManifest.xml:21:25-75
195            </intent-filter>
196        </service>
197
198        <provider
198-->[com.google.firebase:firebase-common:20.0.0] AndroidManifest.xml:26:9-31:39
199            android:name="com.google.firebase.provider.FirebaseInitProvider"
199-->[com.google.firebase:firebase-common:20.0.0] AndroidManifest.xml:27:13-77
200            android:authorities="com.macapp.firebaseinitprovider"
200-->[com.google.firebase:firebase-common:20.0.0] AndroidManifest.xml:28:13-72
201            android:directBootAware="true"
201-->[com.google.firebase:firebase-common:20.0.0] AndroidManifest.xml:29:13-43
202            android:exported="false"
202-->[com.google.firebase:firebase-common:20.0.0] AndroidManifest.xml:30:13-37
203            android:initOrder="100" />
203-->[com.google.firebase:firebase-common:20.0.0] AndroidManifest.xml:31:13-36
204
205        <receiver
205-->[com.google.android.gms:play-services-measurement:19.0.0] AndroidManifest.xml:29:9-33:20
206            android:name="com.google.android.gms.measurement.AppMeasurementReceiver"
206-->[com.google.android.gms:play-services-measurement:19.0.0] AndroidManifest.xml:30:13-85
207            android:enabled="true"
207-->[com.google.android.gms:play-services-measurement:19.0.0] AndroidManifest.xml:31:13-35
208            android:exported="false" >
208-->[com.google.android.gms:play-services-measurement:19.0.0] AndroidManifest.xml:32:13-37
209        </receiver>
210
211        <service
211-->[com.google.android.gms:play-services-measurement:19.0.0] AndroidManifest.xml:35:9-38:40
212            android:name="com.google.android.gms.measurement.AppMeasurementService"
212-->[com.google.android.gms:play-services-measurement:19.0.0] AndroidManifest.xml:36:13-84
213            android:enabled="true"
213-->[com.google.android.gms:play-services-measurement:19.0.0] AndroidManifest.xml:37:13-35
214            android:exported="false" />
214-->[com.google.android.gms:play-services-measurement:19.0.0] AndroidManifest.xml:38:13-37
215        <service
215-->[com.google.android.gms:play-services-measurement:19.0.0] AndroidManifest.xml:39:9-43:72
216            android:name="com.google.android.gms.measurement.AppMeasurementJobService"
216-->[com.google.android.gms:play-services-measurement:19.0.0] AndroidManifest.xml:40:13-87
217            android:enabled="true"
217-->[com.google.android.gms:play-services-measurement:19.0.0] AndroidManifest.xml:41:13-35
218            android:exported="false"
218-->[com.google.android.gms:play-services-measurement:19.0.0] AndroidManifest.xml:42:13-37
219            android:permission="android.permission.BIND_JOB_SERVICE" />
219-->[com.google.android.gms:play-services-measurement:19.0.0] AndroidManifest.xml:43:13-69
220
221        <meta-data
221-->[com.google.android.gms:play-services-basement:17.5.0] AndroidManifest.xml:23:9-25:69
222            android:name="com.google.android.gms.version"
222-->[com.google.android.gms:play-services-basement:17.5.0] AndroidManifest.xml:24:13-58
223            android:value="@integer/google_play_services_version" />
223-->[com.google.android.gms:play-services-basement:17.5.0] AndroidManifest.xml:25:13-66
224
225        <service
225-->[com.google.android.datatransport:transport-backend-cct:3.0.0] AndroidManifest.xml:29:9-35:19
226            android:name="com.google.android.datatransport.runtime.backends.TransportBackendDiscovery"
226-->[com.google.android.datatransport:transport-backend-cct:3.0.0] AndroidManifest.xml:30:13-103
227            android:exported="false" >
227-->[com.google.android.datatransport:transport-backend-cct:3.0.0] AndroidManifest.xml:31:13-37
228            <meta-data
228-->[com.google.android.datatransport:transport-backend-cct:3.0.0] AndroidManifest.xml:32:13-34:39
229                android:name="backend:com.google.android.datatransport.cct.CctBackendFactory"
229-->[com.google.android.datatransport:transport-backend-cct:3.0.0] AndroidManifest.xml:33:17-94
230                android:value="cct" />
230-->[com.google.android.datatransport:transport-backend-cct:3.0.0] AndroidManifest.xml:34:17-36
231        </service>
232        <service
232-->[com.google.android.datatransport:transport-runtime:3.0.0] AndroidManifest.xml:26:9-30:19
233            android:name="com.google.android.datatransport.runtime.scheduling.jobscheduling.JobInfoSchedulerService"
233-->[com.google.android.datatransport:transport-runtime:3.0.0] AndroidManifest.xml:27:13-117
234            android:exported="false"
234-->[com.google.android.datatransport:transport-runtime:3.0.0] AndroidManifest.xml:28:13-37
235            android:permission="android.permission.BIND_JOB_SERVICE" >
235-->[com.google.android.datatransport:transport-runtime:3.0.0] AndroidManifest.xml:29:13-69
236        </service>
237
238        <receiver
238-->[com.google.android.datatransport:transport-runtime:3.0.0] AndroidManifest.xml:32:9-34:40
239            android:name="com.google.android.datatransport.runtime.scheduling.jobscheduling.AlarmManagerSchedulerBroadcastReceiver"
239-->[com.google.android.datatransport:transport-runtime:3.0.0] AndroidManifest.xml:33:13-132
240            android:exported="false" />
240-->[com.google.android.datatransport:transport-runtime:3.0.0] AndroidManifest.xml:34:13-37
241    </application>
242
243</manifest>